0 info it worked if it ends with ok
1 verbose cli [ 'C:\\Program Files\\nodejs\\node.exe',
1 verbose cli   'C:\\Users\\nan.li\\AppData\\Roaming\\npm\\node_modules\\npm\\bin\\npm-cli.js',
1 verbose cli   'start' ]
2 info using npm@3.9.3
3 info using node@v6.11.0
4 verbose run-script [ 'prestart', 'start', 'poststart' ]
5 info lifecycle rxform-example@0.1.0~prestart: rxform-example@0.1.0
6 silly lifecycle rxform-example@0.1.0~prestart: no script for prestart, continuing
7 info lifecycle rxform-example@0.1.0~start: rxform-example@0.1.0
8 verbose lifecycle rxform-example@0.1.0~start: unsafe-perm in lifecycle true
9 verbose lifecycle rxform-example@0.1.0~start: PATH: C:\Users\nan.li\AppData\Roaming\npm\node_modules\npm\bin\node-gyp-bin;D:\Code\Lynqu\redux-form-validation\example\node_modules\.bin;C:\Program Files\nodejs;C:\Program Files\Microsoft MPI\Bin\;C:\ProgramData\Oracle\Java\javapath;C:\Program Files (x86)\Python27\;C:\Program Files (x86)\Python27\Scripts;C:\WINDOWS\system32;C:\WINDOWS;C:\WINDOWS\System32\Wbem;C:\WINDOWS\System32\WindowsPowerShell\v1.0\;C:\Program Files\Microsoft SQL Server\120\Tools\Binn\;C:\Program Files\Microsoft SQL Server\Client SDK\ODBC\110\Tools\Binn\;C:\Program Files (x86)\Microsoft SQL Server\120\Tools\Binn\;C:\Program Files\Microsoft SQL Server\120\DTS\Binn\;C:\Program Files (x86)\Microsoft SQL Server\120\Tools\Binn\ManagementStudio\;C:\Program Files (x86)\Microsoft SQL Server\120\DTS\Binn\;C:\Program Files\Microsoft\Web Platform Installer\;C:\Program Files (x86)\Microsoft ASP.NET\ASP.NET Web Pages\v1.0\;C:\Program Files\Git\cmd;C:\Program Files (x86)\nodejs\;C:\Program Files (x86)\Heroku\bin;C:\Program Files (x86)\git\cmd;C:\Program Files\Microsoft SQL Server\130\Tools\Binn\;C:\Program Files\MongoDB\Server\3.2\bin;D:\Code\Lib\Selenium;C:\Program Files (x86)\Microsoft Emulator Manager\1.0\;C:\Users\nan.li\AppData\Local\Android\android-sdk\tools;C:\Users\nan.li\AppData\Local\Android\android-sdk\platform-tools;C:\Program Files (x86)\Windows Kits\10\Windows Performance Toolkit\;C:\Program Files\dotnet\;C:\Program Files (x86)\Git\cmd;C:\Program Files\nodejs\;D:\Software\Ruby\bin;C:\Users\nan.li\.dnx\runtimes\dnx-clr-win-x86.1.0.0-rc1-update1\bin;C:\Users\nan.li\.dnx\bin;C:\Users\nan.li\AppData\Local\.meteor\;C:\Program Files (x86)\Microsoft VS Code\bin;C:\Users\nan.li\AppData\Local\Microsoft\WindowsApps;C:\Users\nan.li\AppData\Roaming\npm;
10 verbose lifecycle rxform-example@0.1.0~start: CWD: D:\Code\Lynqu\redux-form-validation\example
11 silly lifecycle rxform-example@0.1.0~start: Args: [ '/d /s /c',
11 silly lifecycle   'webpack-dev-server --progress --content-base www/' ]
12 silly lifecycle rxform-example@0.1.0~start: Returned: code: 1  signal: null
13 info lifecycle rxform-example@0.1.0~start: Failed to exec start script
14 verbose stack Error: rxform-example@0.1.0 start: `webpack-dev-server --progress --content-base www/`
14 verbose stack Exit status 1
14 verbose stack     at EventEmitter.<anonymous> (C:\Users\nan.li\AppData\Roaming\npm\node_modules\npm\lib\utils\lifecycle.js:245:16)
14 verbose stack     at emitTwo (events.js:106:13)
14 verbose stack     at EventEmitter.emit (events.js:191:7)
14 verbose stack     at ChildProcess.<anonymous> (C:\Users\nan.li\AppData\Roaming\npm\node_modules\npm\lib\utils\spawn.js:24:14)
14 verbose stack     at emitTwo (events.js:106:13)
14 verbose stack     at ChildProcess.emit (events.js:191:7)
14 verbose stack     at maybeClose (internal/child_process.js:891:16)
14 verbose stack     at Process.ChildProcess._handle.onexit (internal/child_process.js:226:5)
15 verbose pkgid rxform-example@0.1.0
16 verbose cwd D:\Code\Lynqu\redux-form-validation\example
17 error Windows_NT 10.0.15063
18 error argv "C:\\Program Files\\nodejs\\node.exe" "C:\\Users\\nan.li\\AppData\\Roaming\\npm\\node_modules\\npm\\bin\\npm-cli.js" "start"
19 error node v6.11.0
20 error npm  v3.9.3
21 error code ELIFECYCLE
22 error rxform-example@0.1.0 start: `webpack-dev-server --progress --content-base www/`
22 error Exit status 1
23 error Failed at the rxform-example@0.1.0 start script 'webpack-dev-server --progress --content-base www/'.
23 error Make sure you have the latest version of node.js and npm installed.
23 error If you do, this is most likely a problem with the rxform-example package,
23 error not with npm itself.
23 error Tell the author that this fails on your system:
23 error     webpack-dev-server --progress --content-base www/
23 error You can get information on how to open an issue for this project with:
23 error     npm bugs rxform-example
23 error Or if that isn't available, you can get their info via:
23 error     npm owner ls rxform-example
23 error There is likely additional logging output above.
24 verbose exit [ 1, true ]
